Using pre-set license
Built from '2022.3/staging' branch; Version is '2022.3.29f1 (8d510ca76d2b) revision 9261324'; Using compiler version '192829333'; Build Type 'Release'
OS: 'Windows 11  (10.0.22631) 64bit Professional' Language: 'en' Physical Memory: 32509 MB
BatchMode: 1, IsHumanControllingUs: 0, StartBugReporterOnCrash: 0, Is64bit: 1, IsPro: 1

COMMAND LINE ARGUMENTS:
C:\Program Files\Unity\Hub\Editor\2022.3.29f1\Editor\Unity.exe
-adb2
-batchMode
-noUpm
-name
AssetImportWorker0
-projectPath
C:/Users/zuhai/OneDrive/Documents/Unity/GameProject
-logFile
Logs/AssetImportWorker0.log
-srvPort
64549
Successfully changed project path to: C:/Users/zuhai/OneDrive/Documents/Unity/GameProject
C:/Users/zuhai/OneDrive/Documents/Unity/GameProject
[UnityMemory] Configuration Parameters - Can be set up in boot.config
    "memorysetup-bucket-allocator-granularity=16"
    "memorysetup-bucket-allocator-bucket-count=8"
    "memorysetup-bucket-allocator-block-size=33554432"
    "memorysetup-bucket-allocator-block-count=8"
    "memorysetup-main-allocator-block-size=16777216"
    "memorysetup-thread-allocator-block-size=16777216"
    "memorysetup-gfx-main-allocator-block-size=16777216"
    "memorysetup-gfx-thread-allocator-block-size=16777216"
    "memorysetup-cache-allocator-block-size=4194304"
    "memorysetup-typetree-allocator-block-size=2097152"
    "memorysetup-profiler-bucket-allocator-granularity=16"
    "memorysetup-profiler-bucket-allocator-bucket-count=8"
    "memorysetup-profiler-bucket-allocator-block-size=33554432"
    "memorysetup-profiler-bucket-allocator-block-count=8"
    "memorysetup-profiler-allocator-block-size=16777216"
    "memorysetup-profiler-editor-allocator-block-size=1048576"
    "memorysetup-temp-allocator-size-main=16777216"
    "memorysetup-job-temp-allocator-block-size=2097152"
    "memorysetup-job-temp-allocator-block-size-background=1048576"
    "memorysetup-job-temp-allocator-reduction-small-platforms=262144"
    "memorysetup-allocator-temp-initial-block-size-main=262144"
    "memorysetup-allocator-temp-initial-block-size-worker=262144"
    "memorysetup-temp-allocator-size-background-worker=32768"
    "memorysetup-temp-allocator-size-job-worker=262144"
    "memorysetup-temp-allocator-size-preload-manager=33554432"
    "memorysetup-temp-allocator-size-nav-mesh-worker=65536"
    "memorysetup-temp-allocator-size-audio-worker=65536"
    "memorysetup-temp-allocator-size-cloud-worker=32768"
    "memorysetup-temp-allocator-size-gi-baking-worker=262144"
    "memorysetup-temp-allocator-size-gfx=262144"
Player connection [16304] Host "[IP] 192.168.1.2 [Port] 0 [Flags] 2 [Guid] 1136413880 [EditorId] 1136413880 [Version] 1048832 [Id] WindowsEditor(7,Grim) [Debug] 1 [PackageName] WindowsEditor [ProjectName] Editor" joined multi-casting on [225.0.0.222:54997]...

Player connection [16304] Host "[IP] 192.168.1.2 [Port] 0 [Flags] 2 [Guid] 1136413880 [EditorId] 1136413880 [Version] 1048832 [Id] WindowsEditor(7,Grim) [Debug] 1 [PackageName] WindowsEditor [ProjectName] Editor" joined alternative multi-casting on [225.0.0.222:34997]...

[Physics::Module] Initialized MultithreadedJobDispatcher with 19 workers.
Refreshing native plugins compatible for Editor in 6.76 ms, found 3 plugins.
Preloading 0 native plugins for Editor in 0.00 ms.
Initialize engine version: 2022.3.29f1 (8d510ca76d2b)
[Subsystems] Discovering subsystems at path C:/Program Files/Unity/Hub/Editor/2022.3.29f1/Editor/Data/Resources/UnitySubsystems
[Subsystems] Discovering subsystems at path C:/Users/zuhai/OneDrive/Documents/Unity/GameProject/Assets
GfxDevice: creating device client; threaded=0; jobified=0
Direct3D:
    Version:  Direct3D 11.0 [level 11.1]
    Renderer: NVIDIA GeForce RTX 4060 Ti (ID=0x2803)
    Vendor:   NVIDIA
    VRAM:     16109 MB
    Driver:   31.0.15.5244
Initialize mono
Mono path[0] = 'C:/Program Files/Unity/Hub/Editor/2022.3.29f1/Editor/Data/Managed'
Mono path[1] = 'C:/Program Files/Unity/Hub/Editor/2022.3.29f1/Editor/Data/MonoBleedingEdge/lib/mono/unityjit-win32'
Mono config path = 'C:/Program Files/Unity/Hub/Editor/2022.3.29f1/Editor/Data/MonoBleedingEdge/etc'
Using monoOptions --debugger-agent=transport=dt_socket,embedding=1,server=y,suspend=n,address=127.0.0.1:56144
Begin MonoManager ReloadAssembly
Registering precompiled unity dll's ...
Register platform support module: C:/Program Files/Unity/Hub/Editor/2022.3.29f1/Editor/Data/PlaybackEngines/AndroidPlayer/UnityEditor.Android.Extensions.dll
Register platform support module: C:/Program Files/Unity/Hub/Editor/2022.3.29f1/Editor/Data/PlaybackEngines/WindowsStandaloneSupport/UnityEditor.WindowsStandalone.Extensions.dll
Register platform support module: C:/Program Files/Unity/Hub/Editor/2022.3.29f1/Editor/Data/PlaybackEngines/MetroSupport/UnityEditor.UWP.Extensions.dll
Registered in 0.005987 seconds.
- Loaded All Assemblies, in  0.297 seconds
Native extension for UWP target not found
Native extension for WindowsStandalone target not found
Native extension for Android target not found
Android Extension - Scanning For ADB Devices 201 ms
Mono: successfully reloaded assembly
- Finished resetting the current domain, in  0.482 seconds
Domain Reload Profiling: 778ms
	BeginReloadAssembly (89ms)
		ExecutionOrderSort (0ms)
		DisableScriptedObjects (0ms)
		BackupInstance (0ms)
		ReleaseScriptingObjects (0ms)
		CreateAndSetChildDomain (1ms)
	RebuildCommonClasses (27ms)
	RebuildNativeTypeToScriptingClass (9ms)
	initialDomainReloadingComplete (46ms)
	LoadAllAssembliesAndSetupDomain (125ms)
		LoadAssemblies (88ms)
		RebuildTransferFunctionScriptingTraits (0ms)
		AnalyzeDomain (123ms)
			TypeCache.Refresh (122ms)
				TypeCache.ScanAssembly (111ms)
			ScanForSourceGeneratedMonoScriptInfo (0ms)
			ResolveRequiredComponents (0ms)
	FinalizeReload (482ms)
		ReleaseScriptCaches (0ms)
		RebuildScriptCaches (0ms)
		SetupLoadedEditorAssemblies (433ms)
			LogAssemblyErrors (0ms)
			InitializePlatformSupportModulesInManaged (292ms)
			SetLoadedEditorAssemblies (4ms)
			RefreshPlugins (0ms)
			BeforeProcessingInitializeOnLoad (2ms)
			ProcessInitializeOnLoadAttributes (99ms)
			ProcessInitializeOnLoadMethodAttributes (37ms)
			AfterProcessingInitializeOnLoad (0ms)
			EditorAssembliesLoaded (0ms)
		ExecutionOrderSort2 (0ms)
		AwakeInstancesAfterBackupRestoration (0ms)
========================================================================
Worker process is ready to serve import requests
Begin MonoManager ReloadAssembly
- Loaded All Assemblies, in  0.489 seconds
Refreshing native plugins compatible for Editor in 1.92 ms, found 3 plugins.
Native extension for UWP target not found
Native extension for WindowsStandalone target not found
Native extension for Android target not found
Package Manager log level set to [2]
[Package Manager] Server::EnsureServerProcessIsRunning -- launch failed, reason: Unity was launched with the -noUpm command-line argument
[Package Manager] UpmClient::Send -- Unable to send message (not connected to UPM process).
[Package Manager] Cannot connect to Unity Package Manager local server
Mono: successfully reloaded assembly
- Finished resetting the current domain, in  0.472 seconds
Domain Reload Profiling: 960ms
	BeginReloadAssembly (114ms)
		ExecutionOrderSort (0ms)
		DisableScriptedObjects (4ms)
		BackupInstance (0ms)
		ReleaseScriptingObjects (0ms)
		CreateAndSetChildDomain (18ms)
	RebuildCommonClasses (27ms)
	RebuildNativeTypeToScriptingClass (9ms)
	initialDomainReloadingComplete (34ms)
	LoadAllAssembliesAndSetupDomain (305ms)
		LoadAssemblies (218ms)
		RebuildTransferFunctionScriptingTraits (0ms)
		AnalyzeDomain (152ms)
			TypeCache.Refresh (129ms)
				TypeCache.ScanAssembly (116ms)
			ScanForSourceGeneratedMonoScriptInfo (12ms)
			ResolveRequiredComponents (10ms)
	FinalizeReload (472ms)
		ReleaseScriptCaches (0ms)
		RebuildScriptCaches (0ms)
		SetupLoadedEditorAssemblies (346ms)
			LogAssemblyErrors (0ms)
			InitializePlatformSupportModulesInManaged (20ms)
			SetLoadedEditorAssemblies (4ms)
			RefreshPlugins (0ms)
			BeforeProcessingInitializeOnLoad (49ms)
			ProcessInitializeOnLoadAttributes (252ms)
			ProcessInitializeOnLoadMethodAttributes (17ms)
			AfterProcessingInitializeOnLoad (4ms)
			EditorAssembliesLoaded (0ms)
		ExecutionOrderSort2 (0ms)
		AwakeInstancesAfterBackupRestoration (5ms)
Launched and connected shader compiler UnityShaderCompiler.exe after 0.03 seconds
Refreshing native plugins compatible for Editor in 1.87 ms, found 3 plugins.
Preloading 0 native plugins for Editor in 0.00 ms.
Unloading 3095 Unused Serialized files (Serialized files now loaded: 0)
Unloading 33 unused Assets / (58.0 KB). Loaded Objects now: 3558.
Memory consumption went from 125.1 MB to 125.0 MB.
Total: 2.501700 ms (FindLiveObjects: 0.150300 ms CreateObjectMapping: 0.045600 ms MarkObjects: 2.225300 ms  DeleteObjects: 0.079600 ms)

AssetImportParameters requested are different than current active one (requested -> active):
  custom:container-demuxer-ogg: 62fdf1f143b41e24485cea50d1cbac27 -> 
  custom:video-codec-MediaFoundation-h265: 746d11721c4dcdbdad8f713fa42b33f4 -> 
  custom:video-decoder-ogg-theora: a1e56fd34408186e4bbccfd4996cb3dc -> 
  custom:framework-win-MediaFoundation: 216162199b28c13a410421893ffa2e32 -> 
  custom:CustomObjectIndexerAttribute: 9a22284fe3817be447336de3de66b15e -> 
  custom:container-demuxer-webm: 4f35f7cbe854078d1ac9338744f61a02 -> 
  custom:container-muxer-webm: aa71ff27fc2769a1b78a27578f13a17b -> 
  custom:video-decoder-webm-vp8: 9c59270c3fd7afecdb556c50c9e8de78 -> 
  custom:SearchIndexIgnoredProperties: e643bd26f0fe6173181afceb89e7c659 -> 
  custom:AudioImporter_EditorPlatform: d09bf68614088b80899f8185d706f6e7 -> 
  custom:video-encoder-webm-vp8: eb34c28f22e8b96e1ab97ce403110664 -> 
  custom:audio-decoder-ogg-vorbis: bf7c407c2cedff20999df2af8eb42d56 -> 
  custom:audio-encoder-webm-vorbis: bf7c407c2cedff20999df2af8eb42d56 -> 
========================================================================
Received Import Request.
  Time since last request: 13963.253199 seconds.
  path: Assets
  artifactKey: Guid(00000000000000001000000000000000) Importer(815301076,1909f56bfc062723c751e8b465ee728b)
Start importing Assets using Guid(00000000000000001000000000000000) Importer(815301076,1909f56bfc062723c751e8b465ee728b)  -> (artifact id: 'ae5280ad91af67e2a353905758f96678') in 0.002232 seconds
Number of updated asset objects reloaded before import = 0
Number of asset objects unloaded after import = 0
========================================================================
Received Import Request.
  Time since last request: 5.619165 seconds.
  path: Assets/3D Objects
  artifactKey: Guid(3e2e9c8b6fb8e1d44b4f79eccc8faaf5) Importer(815301076,1909f56bfc062723c751e8b465ee728b)
Start importing Assets/3D Objects using Guid(3e2e9c8b6fb8e1d44b4f79eccc8faaf5) Importer(815301076,1909f56bfc062723c751e8b465ee728b)  -> (artifact id: '3a84286f3264a0e81f310aefe69445c1') in 0.000402 seconds
Number of updated asset objects reloaded before import = 0
Number of asset objects unloaded after import = 0
========================================================================
Received Import Request.
  Time since last request: 31.599637 seconds.
  path: Assets/3D Objects/chair.fbx
  artifactKey: Guid(b193da4e14105404cbaacf2aa361c27c) Importer(815301076,1909f56bfc062723c751e8b465ee728b)
Start importing Assets/3D Objects/chair.fbx using Guid(b193da4e14105404cbaacf2aa361c27c) Importer(815301076,1909f56bfc062723c751e8b465ee728b)  -> (artifact id: '766ceae8fce76e8473d9ebe6ca14a1cd') in 0.714593 seconds
Number of updated asset objects reloaded before import = 0
Number of asset objects unloaded after import = 30
========================================================================
Received Import Request.
  Time since last request: 0.000021 seconds.
  path: Assets/3D Objects/SideTable.fbx
  artifactKey: Guid(ff1a5be2e05def149afaec720131e991) Importer(815301076,1909f56bfc062723c751e8b465ee728b)
Start importing Assets/3D Objects/SideTable.fbx using Guid(ff1a5be2e05def149afaec720131e991) Importer(815301076,1909f56bfc062723c751e8b465ee728b)  -> (artifact id: '62a9969a571551e38ab66bfd54114e5c') in 0.021529 seconds
Number of updated asset objects reloaded before import = 0
Number of asset objects unloaded after import = 8
========================================================================
Received Import Request.
  Time since last request: 12.683276 seconds.
  path: Assets/Scenes
  artifactKey: Guid(3ed05af4aae9a1c44a815d5dce56ff5c) Importer(815301076,1909f56bfc062723c751e8b465ee728b)
Start importing Assets/Scenes using Guid(3ed05af4aae9a1c44a815d5dce56ff5c) Importer(815301076,1909f56bfc062723c751e8b465ee728b)  -> (artifact id: 'e9afd226b196ac449e1ee2ef7c75443a') in 0.000412 seconds
Number of updated asset objects reloaded before import = 0
Number of asset objects unloaded after import = 0
========================================================================
Received Import Request.
  Time since last request: 10.922071 seconds.
  path: Assets/Materials
  artifactKey: Guid(412ad06cf2a5698499080703c38c53d2) Importer(815301076,1909f56bfc062723c751e8b465ee728b)
Start importing Assets/Materials using Guid(412ad06cf2a5698499080703c38c53d2) Importer(815301076,1909f56bfc062723c751e8b465ee728b)  -> (artifact id: 'bba67ba738cec88c9242cae28655c6f3') in 0.000572 seconds
Number of updated asset objects reloaded before import = 0
Number of asset objects unloaded after import = 0
========================================================================
Received Import Request.
  Time since last request: 6.637033 seconds.
  path: Assets/Materials/Red.mat
  artifactKey: Guid(fbd8d3feab64ae649b925790444c438d) Importer(815301076,1909f56bfc062723c751e8b465ee728b)
Start importing Assets/Materials/Red.mat using Guid(fbd8d3feab64ae649b925790444c438d) Importer(815301076,1909f56bfc062723c751e8b465ee728b)  -> (artifact id: '15408833d17f2455eed9f562694c2c8f') in 0.012574 seconds
Number of updated asset objects reloaded before import = 0
Number of asset objects unloaded after import = 1
========================================================================
Received Import Request.
  Time since last request: 8.289950 seconds.
  path: Assets/Materials/Black.mat
  artifactKey: Guid(44f1e17320cf39346a3d1b92843e1db1) Importer(815301076,1909f56bfc062723c751e8b465ee728b)
Start importing Assets/Materials/Black.mat using Guid(44f1e17320cf39346a3d1b92843e1db1) Importer(815301076,1909f56bfc062723c751e8b465ee728b)  -> (artifact id: '5eec2031177f37991730ebdfecf4d2b2') in 0.067431 seconds
Number of updated asset objects reloaded before import = 0
Number of asset objects unloaded after import = 1
========================================================================
Received Import Request.
  Time since last request: 6.474351 seconds.
  path: Assets/Materials/Brown.mat
  artifactKey: Guid(e9a81ffedc1258441b3cbef850f9c7f1) Importer(815301076,1909f56bfc062723c751e8b465ee728b)
Start importing Assets/Materials/Brown.mat using Guid(e9a81ffedc1258441b3cbef850f9c7f1) Importer(815301076,1909f56bfc062723c751e8b465ee728b)  -> (artifact id: 'bee56a7a18ab6621d3ba628f347df4ff') in 0.013652 seconds
Number of updated asset objects reloaded before import = 0
Number of asset objects unloaded after import = 1
========================================================================
Received Import Request.
  Time since last request: 18.440207 seconds.
  path: Assets/HDRI
  artifactKey: Guid(4806f2a82bef0574e907d0e1a38b42d5) Importer(815301076,1909f56bfc062723c751e8b465ee728b)
Start importing Assets/HDRI using Guid(4806f2a82bef0574e907d0e1a38b42d5) Importer(815301076,1909f56bfc062723c751e8b465ee728b)  -> (artifact id: 'b263238750818eb5d8586b0ac683b813') in 0.000375 seconds
Number of updated asset objects reloaded before import = 0
Number of asset objects unloaded after import = 0
========================================================================
Received Import Request.
  Time since last request: 9.669608 seconds.
  path: Assets/HDRI/sunflowers_puresky_2k.hdr
  artifactKey: Guid(f52478d212041a043bdc60550bc13a38) Importer(815301076,1909f56bfc062723c751e8b465ee728b)
Start importing Assets/HDRI/sunflowers_puresky_2k.hdr using Guid(f52478d212041a043bdc60550bc13a38) Importer(815301076,1909f56bfc062723c751e8b465ee728b)  -> (artifact id: '7391ccb15bb9e878fe7e48b18a8d0952') in 0.025840 seconds
Number of updated asset objects reloaded before import = 0
Number of asset objects unloaded after import = 2
========================================================================
Received Import Request.
  Time since last request: 10.326316 seconds.
  path: Assets/HDRI/sunflowers_puresky_2k.hdr
  artifactKey: Guid(f52478d212041a043bdc60550bc13a38) Importer(815301076,1909f56bfc062723c751e8b465ee728b)
Start importing Assets/HDRI/sunflowers_puresky_2k.hdr using Guid(f52478d212041a043bdc60550bc13a38) Importer(815301076,1909f56bfc062723c751e8b465ee728b)  -> (artifact id: '843e5b1f23309e59a29c0a4a2d78d2b8') in 0.032626 seconds
Number of updated asset objects reloaded before import = 0
Number of asset objects unloaded after import = 1
========================================================================
Received Import Request.
  Time since last request: 26.303498 seconds.
  path: Assets/HDRI/HDRI.mat
  artifactKey: Guid(109b3a39fbc7cda4b81d5a7c0a6daf74) Importer(815301076,1909f56bfc062723c751e8b465ee728b)
Start importing Assets/HDRI/HDRI.mat using Guid(109b3a39fbc7cda4b81d5a7c0a6daf74) Importer(815301076,1909f56bfc062723c751e8b465ee728b)  -> (artifact id: '1168b54818f9398cf90e78a5feb1c059') in 0.083106 seconds
Number of updated asset objects reloaded before import = 0
Number of asset objects unloaded after import = 1
========================================================================
Received Import Request.
  Time since last request: 73.707756 seconds.
  path: Assets/HDRI/HDRI.mat
  artifactKey: Guid(109b3a39fbc7cda4b81d5a7c0a6daf74) Importer(815301076,1909f56bfc062723c751e8b465ee728b)
Start importing Assets/HDRI/HDRI.mat using Guid(109b3a39fbc7cda4b81d5a7c0a6daf74) Importer(815301076,1909f56bfc062723c751e8b465ee728b)  -> (artifact id: '9a91c40d3b6c5dddebf97a2faf971f0c') in 0.038352 seconds
Number of updated asset objects reloaded before import = 0
Number of asset objects unloaded after import = 2
